# JRE version: OpenJDK Runtime Environment Temurin-17.0.6+10 (17.0.6+10) (build 17.0.6+10)
# Java VM: OpenJDK 64-Bit Server VM Temurin-17.0.6+10 (17.0.6+10, mixed mode, emulated-client, sharing, tiered, compressed oops, compressed class ptrs, g1 gc, windows-amd64)
GC Precious Log:
 CPUs: 4 total, 4 available
 Memory: 3879M
 Large Page Support: Disabled
 NUMA Support: Disabled
 Compressed Oops: Enabled (32-bit)
 Heap Region Size: 1M
 Heap Min Capacity: 8M
 Heap Initial Capacity: 62M
 Heap Max Capacity: 970M
 Pre-touch: Disabled
 Parallel Workers: 4
 Concurrent Workers: 1
 Concurrent Refinement Workers: 4
 Periodic GC: Disabled
Heap:
 garbage-first heap   total 45056K, used 19067K [0x00000000c3600000, 0x0000000100000000)
  region size 1024K, 1 young (1024K), 1 survivors (1024K)
 Metaspace       used 35692K, committed 36160K, reserved 1081344K
  class space    used 4978K, committed 5184K, reserved 1048576K
GC Heap History (19 events):
Event: 3.185 GC heap before
{Heap before GC invocations=0 (full 0):
 garbage-first heap   total 63488K, used 13312K [0x00000000c3600000, 0x0000000100000000)
  region size 1024K, 13 young (13312K), 0 survivors (0K)
 Metaspace       used 5761K, committed 5888K, reserved 1056768K
  class space    used 692K, committed 768K, reserved 1048576K
}
Event: 3.201 GC heap after
{Heap after GC invocations=1 (full 0):
 garbage-first heap   total 63488K, used 5030K [0x00000000c3600000, 0x0000000100000000)
  region size 1024K, 2 young (2048K), 2 survivors (2048K)
 Metaspace       used 5761K, committed 5888K, reserved 1056768K
  class space    used 692K, committed 768K, reserved 1048576K
}
Event: 3.799 GC heap before
{Heap before GC invocations=1 (full 0):
 garbage-first heap   total 63488K, used 13222K [0x00000000c3600000, 0x0000000100000000)
  region size 1024K, 10 young (10240K), 2 survivors (2048K)
 Metaspace       used 7777K, committed 7936K, reserved 1056768K
  class space    used 992K, committed 1088K, reserved 1048576K
}
Event: 3.806 GC heap after
{Heap after GC invocations=2 (full 0):
 garbage-first heap   total 63488K, used 5829K [0x00000000c3600000, 0x0000000100000000)
  region size 1024K, 1 young (1024K), 1 survivors (1024K)
 Metaspace       used 7777K, committed 7936K, reserved 1056768K
  class space    used 992K, committed 1088K, reserved 1048576K
}
Event: 5.550 GC heap before
{Heap before GC invocations=2 (full 0):
 garbage-first heap   total 63488K, used 27333K [0x00000000c3600000, 0x0000000100000000)
  region size 1024K, 23 young (23552K), 1 survivors (1024K)
 Metaspace       used 12221K, committed 12480K, reserved 1064960K
  class space    used 1657K, committed 1792K, reserved 1048576K
}
Event: 5.556 GC heap after
{Heap after GC invocations=3 (full 0):
 garbage-first heap   total 63488K, used 7414K [0x00000000c3600000, 0x0000000100000000)
  region size 1024K, 3 young (3072K), 3 survivors (3072K)
 Metaspace       used 12221K, committed 12480K, reserved 1064960K
  class space    used 1657K, committed 1792K, reserved 1048576K
}
Event: 7.256 GC heap before
{Heap before GC invocations=3 (full 0):
 garbage-first heap   total 63488K, used 40182K [0x00000000c3600000, 0x0000000100000000)
  region size 1024K, 36 young (36864K), 3 survivors (3072K)
 Metaspace       used 18411K, committed 18752K, reserved 1064960K
  class space    used 2472K, committed 2624K, reserved 1048576K
}
Event: 7.267 GC heap after
{Heap after GC invocations=4 (full 0):
 garbage-first heap   total 63488K, used 9852K [0x00000000c3600000, 0x0000000100000000)
  region size 1024K, 5 young (5120K), 5 survivors (5120K)
 Metaspace       used 18411K, committed 18752K, reserved 1064960K
  class space    used 2472K, committed 2624K, reserved 1048576K
}
Event: 8.329 GC heap before
{Heap before GC invocations=4 (full 0):
 garbage-first heap   total 63488K, used 34428K [0x00000000c3600000, 0x0000000100000000)
  region size 1024K, 30 young (30720K), 5 survivors (5120K)
 Metaspace       used 21208K, committed 21504K, reserved 1073152K
  class space    used 2892K, committed 3072K, reserved 1048576K
}
Event: 8.342 GC heap after
{Heap after GC invocations=5 (full 0):
 garbage-first heap   total 63488K, used 11320K [0x00000000c3600000, 0x0000000100000000)
  region size 1024K, 4 young (4096K), 4 survivors (4096K)
 Metaspace       used 21208K, committed 21504K, reserved 1073152K
  class space    used 2892K, committed 3072K, reserved 1048576K
}
Event: 9.047 GC heap before
{Heap before GC invocations=6 (full 0):
 garbage-first heap   total 45056K, used 33848K [0x00000000c3600000, 0x0000000100000000)
  region size 1024K, 26 young (26624K), 4 survivors (4096K)
 Metaspace       used 23617K, committed 24000K, reserved 1073152K
  class space    used 3303K, committed 3456K, reserved 1048576K
}
Event: 9.057 GC heap after
{Heap after GC invocations=7 (full 0):
 garbage-first heap   total 45056K, used 12848K [0x00000000c3600000, 0x0000000100000000)
  region size 1024K, 4 young (4096K), 4 survivors (4096K)
 Metaspace       used 23617K, committed 24000K, reserved 1073152K
  class space    used 3303K, committed 3456K, reserved 1048576K
}
Event: 10.081 GC heap before
{Heap before GC invocations=7 (full 0):
 garbage-first heap   total 45056K, used 31280K [0x00000000c3600000, 0x0000000100000000)
  region size 1024K, 22 young (22528K), 4 survivors (4096K)
 Metaspace       used 26892K, committed 27392K, reserved 1073152K
  class space    used 3738K, committed 3968K, reserved 1048576K
}
Event: 10.094 GC heap after
{Heap after GC invocations=8 (full 0):
 garbage-first heap   total 45056K, used 14702K [0x00000000c3600000, 0x0000000100000000)
  region size 1024K, 3 young (3072K), 3 survivors (3072K)
 Metaspace       used 26892K, committed 27392K, reserved 1073152K
  class space    used 3738K, committed 3968K, reserved 1048576K
}
Event: 10.934 GC heap before
{Heap before GC invocations=8 (full 0):
 garbage-first heap   total 45056K, used 30062K [0x00000000c3600000, 0x0000000100000000)
  region size 1024K, 19 young (19456K), 3 survivors (3072K)
 Metaspace       used 31943K, committed 32448K, reserved 1081344K
  class space    used 4432K, committed 4672K, reserved 1048576K
}
Event: 10.941 GC heap after
{Heap after GC invocations=9 (full 0):
 garbage-first heap   total 45056K, used 16242K [0x00000000c3600000, 0x0000000100000000)
  region size 1024K, 2 young (2048K), 2 survivors (2048K)
 Metaspace       used 31943K, committed 32448K, reserved 1081344K
  class space    used 4432K, committed 4672K, reserved 1048576K
}
Event: 11.276 GC heap before
{Heap before GC invocations=9 (full 0):
 garbage-first heap   total 45056K, used 31602K [0x00000000c3600000, 0x0000000100000000)
  region size 1024K, 18 young (18432K), 2 survivors (2048K)
 Metaspace       used 34908K, committed 35392K, reserved 1081344K
  class space    used 4850K, committed 5056K, reserved 1048576K
}
Event: 11.285 GC heap after
{Heap after GC invocations=10 (full 0):
 garbage-first heap   total 45056K, used 18757K [0x00000000c3600000, 0x0000000100000000)
  region size 1024K, 3 young (3072K), 3 survivors (3072K)
 Metaspace       used 34908K, committed 35392K, reserved 1081344K
  class space    used 4850K, committed 5056K, reserved 1048576K
}
Event: 11.413 GC heap before
{Heap before GC invocations=10 (full 0):
 garbage-first heap   total 45056K, used 21829K [0x00000000c3600000, 0x0000000100000000)
  region size 1024K, 7 young (7168K), 3 survivors (3072K)
 Metaspace       used 35692K, committed 36160K, reserved 1081344K
  class space    used 4978K, committed 5184K, reserved 1048576K
}

