# JRE version: OpenJDK Runtime Environment Temurin-17.0.6+10 (17.0.6+10) (build 17.0.6+10)
# Java VM: OpenJDK 64-Bit Server VM Temurin-17.0.6+10 (17.0.6+10, mixed mode, emulated-client, sharing, tiered, compressed oops, compressed class ptrs, g1 gc, windows-amd64)
GC Precious Log:
 CPUs: 4 total, 4 available
 Memory: 3879M
 Large Page Support: Disabled
 NUMA Support: Disabled
 Compressed Oops: Enabled (32-bit)
 Heap Region Size: 1M
 Heap Min Capacity: 8M
 Heap Initial Capacity: 62M
 Heap Max Capacity: 970M
 Pre-touch: Disabled
 Parallel Workers: 4
 Concurrent Workers: 1
 Concurrent Refinement Workers: 4
 Periodic GC: Disabled
Heap:
 garbage-first heap   total 45056K, used 21779K [0x00000000c3600000, 0x0000000100000000)
  region size 1024K, 9 young (9216K), 3 survivors (3072K)
 Metaspace       used 33577K, committed 33984K, reserved 1081344K
  class space    used 4640K, committed 4864K, reserved 1048576K
GC Heap History (18 events):
Event: 1.401 GC heap before
{Heap before GC invocations=0 (full 0):
 garbage-first heap   total 63488K, used 13312K [0x00000000c3600000, 0x0000000100000000)
  region size 1024K, 13 young (13312K), 0 survivors (0K)
 Metaspace       used 5692K, committed 5824K, reserved 1056768K
  class space    used 687K, committed 768K, reserved 1048576K
}
Event: 1.416 GC heap after
{Heap after GC invocations=1 (full 0):
 garbage-first heap   total 63488K, used 4946K [0x00000000c3600000, 0x0000000100000000)
  region size 1024K, 2 young (2048K), 2 survivors (2048K)
 Metaspace       used 5692K, committed 5824K, reserved 1056768K
  class space    used 687K, committed 768K, reserved 1048576K
}
Event: 2.503 GC heap before
{Heap before GC invocations=1 (full 0):
 garbage-first heap   total 63488K, used 13138K [0x00000000c3600000, 0x0000000100000000)
  region size 1024K, 10 young (10240K), 2 survivors (2048K)
 Metaspace       used 7224K, committed 7424K, reserved 1056768K
  class space    used 906K, committed 1024K, reserved 1048576K
}
Event: 2.508 GC heap after
{Heap after GC invocations=2 (full 0):
 garbage-first heap   total 63488K, used 5483K [0x00000000c3600000, 0x0000000100000000)
  region size 1024K, 1 young (1024K), 1 survivors (1024K)
 Metaspace       used 7224K, committed 7424K, reserved 1056768K
  class space    used 906K, committed 1024K, reserved 1048576K
}
Event: 3.349 GC heap before
{Heap before GC invocations=2 (full 0):
 garbage-first heap   total 63488K, used 26987K [0x00000000c3600000, 0x0000000100000000)
  region size 1024K, 23 young (23552K), 1 survivors (1024K)
 Metaspace       used 12038K, committed 12288K, reserved 1064960K
  class space    used 1598K, committed 1728K, reserved 1048576K
}
Event: 3.354 GC heap after
{Heap after GC invocations=3 (full 0):
 garbage-first heap   total 63488K, used 7114K [0x00000000c3600000, 0x0000000100000000)
  region size 1024K, 3 young (3072K), 3 survivors (3072K)
 Metaspace       used 12038K, committed 12288K, reserved 1064960K
  class space    used 1598K, committed 1728K, reserved 1048576K
}
Event: 4.375 GC heap before
{Heap before GC invocations=3 (full 0):
 garbage-first heap   total 63488K, used 39882K [0x00000000c3600000, 0x0000000100000000)
  region size 1024K, 35 young (35840K), 3 survivors (3072K)
 Metaspace       used 17835K, committed 18176K, reserved 1064960K
  class space    used 2381K, committed 2560K, reserved 1048576K
}
Event: 4.385 GC heap after
{Heap after GC invocations=4 (full 0):
 garbage-first heap   total 63488K, used 9664K [0x00000000c3600000, 0x0000000100000000)
  region size 1024K, 5 young (5120K), 5 survivors (5120K)
 Metaspace       used 17835K, committed 18176K, reserved 1064960K
  class space    used 2381K, committed 2560K, reserved 1048576K
}
Event: 5.499 GC heap before
{Heap before GC invocations=4 (full 0):
 garbage-first heap   total 63488K, used 35264K [0x00000000c3600000, 0x0000000100000000)
  region size 1024K, 31 young (31744K), 5 survivors (5120K)
 Metaspace       used 21148K, committed 21504K, reserved 1073152K
  class space    used 2879K, committed 3072K, reserved 1048576K
}
Event: 5.511 GC heap after
{Heap after GC invocations=5 (full 0):
 garbage-first heap   total 63488K, used 11253K [0x00000000c3600000, 0x0000000100000000)
  region size 1024K, 5 young (5120K), 5 survivors (5120K)
 Metaspace       used 21148K, committed 21504K, reserved 1073152K
  class space    used 2879K, committed 3072K, reserved 1048576K
}
Event: 6.221 GC heap before
{Heap before GC invocations=6 (full 0):
 garbage-first heap   total 45056K, used 32757K [0x00000000c3600000, 0x0000000100000000)
  region size 1024K, 26 young (26624K), 5 survivors (5120K)
 Metaspace       used 23201K, committed 23552K, reserved 1073152K
  class space    used 3240K, committed 3392K, reserved 1048576K
}
Event: 6.231 GC heap after
{Heap after GC invocations=7 (full 0):
 garbage-first heap   total 45056K, used 12651K [0x00000000c3600000, 0x0000000100000000)
  region size 1024K, 4 young (4096K), 4 survivors (4096K)
 Metaspace       used 23201K, committed 23552K, reserved 1073152K
  class space    used 3240K, committed 3392K, reserved 1048576K
}
Event: 6.277 GC heap before
{Heap before GC invocations=7 (full 0):
 garbage-first heap   total 45056K, used 12651K [0x00000000c3600000, 0x0000000100000000)
  region size 1024K, 5 young (5120K), 4 survivors (4096K)
 Metaspace       used 23404K, committed 23744K, reserved 1073152K
  class space    used 3270K, committed 3456K, reserved 1048576K
}
Event: 6.285 GC heap after
{Heap after GC invocations=8 (full 0):
 garbage-first heap   total 45056K, used 12867K [0x00000000c3600000, 0x0000000100000000)
  region size 1024K, 1 young (1024K), 1 survivors (1024K)
 Metaspace       used 23404K, committed 23744K, reserved 1073152K
  class space    used 3270K, committed 3456K, reserved 1048576K
}
Event: 7.103 GC heap before
{Heap before GC invocations=8 (full 0):
 garbage-first heap   total 45056K, used 31299K [0x00000000c3600000, 0x0000000100000000)
  region size 1024K, 20 young (20480K), 1 survivors (1024K)
 Metaspace       used 27526K, committed 27904K, reserved 1073152K
  class space    used 3796K, committed 3968K, reserved 1048576K
}
Event: 7.108 GC heap after
{Heap after GC invocations=9 (full 0):
 garbage-first heap   total 45056K, used 14239K [0x00000000c3600000, 0x0000000100000000)
  region size 1024K, 2 young (2048K), 2 survivors (2048K)
 Metaspace       used 27526K, committed 27904K, reserved 1073152K
  class space    used 3796K, committed 3968K, reserved 1048576K
}
Event: 7.691 GC heap before
{Heap before GC invocations=9 (full 0):
 garbage-first heap   total 45056K, used 31647K [0x00000000c3600000, 0x0000000100000000)
  region size 1024K, 20 young (20480K), 2 survivors (2048K)
 Metaspace       used 32055K, committed 32512K, reserved 1081344K
  class space    used 4436K, committed 4672K, reserved 1048576K
}
Event: 7.700 GC heap after
{Heap after GC invocations=10 (full 0):
 garbage-first heap   total 45056K, used 16659K [0x00000000c3600000, 0x0000000100000000)
  region size 1024K, 3 young (3072K), 3 survivors (3072K)
 Metaspace       used 32055K, committed 32512K, reserved 1081344K
  class space    used 4436K, committed 4672K, reserved 1048576K
}

