# JRE version: OpenJDK Runtime Environment Temurin-17.0.6+10 (17.0.6+10) (build 17.0.6+10)
# Java VM: OpenJDK 64-Bit Server VM Temurin-17.0.6+10 (17.0.6+10, mixed mode, emulated-client, sharing, tiered, compressed oops, compressed class ptrs, g1 gc, windows-amd64)
GC Precious Log:
 CPUs: 4 total, 4 available
 Memory: 3879M
 Large Page Support: Disabled
 NUMA Support: Disabled
 Compressed Oops: Enabled (32-bit)
 Heap Region Size: 1M
 Heap Min Capacity: 8M
 Heap Initial Capacity: 62M
 Heap Max Capacity: 970M
 Pre-touch: Disabled
 Parallel Workers: 4
 Concurrent Workers: 1
 Concurrent Refinement Workers: 4
 Periodic GC: Disabled
Heap:
 garbage-first heap   total 48128K, used 19766K [0x00000000c3600000, 0x0000000100000000)
  region size 1024K, 2 young (2048K), 1 survivors (1024K)
 Metaspace       used 35938K, committed 36416K, reserved 1081344K
  class space    used 5007K, committed 5248K, reserved 1048576K
GC Heap History (20 events):
Event: 4.373 GC heap before
{Heap before GC invocations=0 (full 0):
 garbage-first heap   total 63488K, used 12288K [0x00000000c3600000, 0x0000000100000000)
  region size 1024K, 13 young (13312K), 0 survivors (0K)
 Metaspace       used 5785K, committed 5952K, reserved 1056768K
  class space    used 708K, committed 768K, reserved 1048576K
}
Event: 4.387 GC heap after
{Heap after GC invocations=1 (full 0):
 garbage-first heap   total 63488K, used 4784K [0x00000000c3600000, 0x0000000100000000)
  region size 1024K, 2 young (2048K), 2 survivors (2048K)
 Metaspace       used 5785K, committed 5952K, reserved 1056768K
  class space    used 708K, committed 768K, reserved 1048576K
}
Event: 5.160 GC heap before
{Heap before GC invocations=1 (full 0):
 garbage-first heap   total 63488K, used 14000K [0x00000000c3600000, 0x0000000100000000)
  region size 1024K, 11 young (11264K), 2 survivors (2048K)
 Metaspace       used 7492K, committed 7680K, reserved 1056768K
  class space    used 956K, committed 1088K, reserved 1048576K
}
Event: 5.166 GC heap after
{Heap after GC invocations=2 (full 0):
 garbage-first heap   total 63488K, used 5627K [0x00000000c3600000, 0x0000000100000000)
  region size 1024K, 1 young (1024K), 1 survivors (1024K)
 Metaspace       used 7492K, committed 7680K, reserved 1056768K
  class space    used 956K, committed 1088K, reserved 1048576K
}
Event: 6.253 GC heap before
{Heap before GC invocations=2 (full 0):
 garbage-first heap   total 63488K, used 27131K [0x00000000c3600000, 0x0000000100000000)
  region size 1024K, 23 young (23552K), 1 survivors (1024K)
 Metaspace       used 12384K, committed 12608K, reserved 1064960K
  class space    used 1638K, committed 1728K, reserved 1048576K
}
Event: 6.260 GC heap after
{Heap after GC invocations=3 (full 0):
 garbage-first heap   total 63488K, used 7463K [0x00000000c3600000, 0x0000000100000000)
  region size 1024K, 3 young (3072K), 3 survivors (3072K)
 Metaspace       used 12384K, committed 12608K, reserved 1064960K
  class space    used 1638K, committed 1728K, reserved 1048576K
}
Event: 7.731 GC heap before
{Heap before GC invocations=3 (full 0):
 garbage-first heap   total 63488K, used 37159K [0x00000000c3600000, 0x0000000100000000)
  region size 1024K, 33 young (33792K), 3 survivors (3072K)
 Metaspace       used 17834K, committed 18176K, reserved 1064960K
  class space    used 2381K, committed 2560K, reserved 1048576K
}
Event: 7.741 GC heap after
{Heap after GC invocations=4 (full 0):
 garbage-first heap   total 63488K, used 9877K [0x00000000c3600000, 0x0000000100000000)
  region size 1024K, 5 young (5120K), 5 survivors (5120K)
 Metaspace       used 17834K, committed 18176K, reserved 1064960K
  class space    used 2381K, committed 2560K, reserved 1048576K
}
Event: 9.373 GC heap before
{Heap before GC invocations=4 (full 0):
 garbage-first heap   total 63488K, used 35477K [0x00000000c3600000, 0x0000000100000000)
  region size 1024K, 32 young (32768K), 5 survivors (5120K)
 Metaspace       used 21148K, committed 21504K, reserved 1073152K
  class space    used 2879K, committed 3072K, reserved 1048576K
}
Event: 9.386 GC heap after
{Heap after GC invocations=5 (full 0):
 garbage-first heap   total 63488K, used 11597K [0x00000000c3600000, 0x0000000100000000)
  region size 1024K, 5 young (5120K), 5 survivors (5120K)
 Metaspace       used 21148K, committed 21504K, reserved 1073152K
  class space    used 2879K, committed 3072K, reserved 1048576K
}
Event: 10.311 GC heap before
{Heap before GC invocations=6 (full 0):
 garbage-first heap   total 48128K, used 34125K [0x00000000c3600000, 0x0000000100000000)
  region size 1024K, 28 young (28672K), 5 survivors (5120K)
 Metaspace       used 23799K, committed 24192K, reserved 1073152K
  class space    used 3330K, committed 3520K, reserved 1048576K
}
Event: 10.321 GC heap after
{Heap after GC invocations=7 (full 0):
 garbage-first heap   total 48128K, used 12995K [0x00000000c3600000, 0x0000000100000000)
  region size 1024K, 4 young (4096K), 4 survivors (4096K)
 Metaspace       used 23799K, committed 24192K, reserved 1073152K
  class space    used 3330K, committed 3520K, reserved 1048576K
}
Event: 11.566 GC heap before
{Heap before GC invocations=7 (full 0):
 garbage-first heap   total 48128K, used 32451K [0x00000000c3600000, 0x0000000100000000)
  region size 1024K, 24 young (24576K), 4 survivors (4096K)
 Metaspace       used 28034K, committed 28480K, reserved 1081344K
  class space    used 3875K, committed 4096K, reserved 1048576K
}
Event: 11.578 GC heap after
{Heap after GC invocations=8 (full 0):
 garbage-first heap   total 48128K, used 14914K [0x00000000c3600000, 0x0000000100000000)
  region size 1024K, 2 young (2048K), 2 survivors (2048K)
 Metaspace       used 28034K, committed 28480K, reserved 1081344K
  class space    used 3875K, committed 4096K, reserved 1048576K
}
Event: 12.349 GC heap before
{Heap before GC invocations=8 (full 0):
 garbage-first heap   total 48128K, used 33346K [0x00000000c3600000, 0x0000000100000000)
  region size 1024K, 21 young (21504K), 2 survivors (2048K)
 Metaspace       used 32283K, committed 32704K, reserved 1081344K
  class space    used 4491K, committed 4672K, reserved 1048576K
}
Event: 12.357 GC heap after
{Heap after GC invocations=9 (full 0):
 garbage-first heap   total 48128K, used 17530K [0x00000000c3600000, 0x0000000100000000)
  region size 1024K, 3 young (3072K), 3 survivors (3072K)
 Metaspace       used 32283K, committed 32704K, reserved 1081344K
  class space    used 4491K, committed 4672K, reserved 1048576K
}
Event: 13.173 GC heap before
{Heap before GC invocations=9 (full 0):
 garbage-first heap   total 48128K, used 32890K [0x00000000c3600000, 0x0000000100000000)
  region size 1024K, 19 young (19456K), 3 survivors (3072K)
 Metaspace       used 35253K, committed 35776K, reserved 1081344K
  class space    used 4902K, committed 5120K, reserved 1048576K
}
Event: 13.183 GC heap after
{Heap after GC invocations=10 (full 0):
 garbage-first heap   total 48128K, used 19409K [0x00000000c3600000, 0x0000000100000000)
  region size 1024K, 2 young (2048K), 2 survivors (2048K)
 Metaspace       used 35253K, committed 35776K, reserved 1081344K
  class space    used 4902K, committed 5120K, reserved 1048576K
}
Event: 13.253 GC heap before
{Heap before GC invocations=10 (full 0):
 garbage-first heap   total 48128K, used 21457K [0x00000000c3600000, 0x0000000100000000)
  region size 1024K, 5 young (5120K), 2 survivors (2048K)
 Metaspace       used 35498K, committed 35968K, reserved 1081344K
  class space    used 4941K, committed 5184K, reserved 1048576K
}
Event: 13.258 GC heap after
{Heap after GC invocations=11 (full 0):
 garbage-first heap   total 48128K, used 19766K [0x00000000c3600000, 0x0000000100000000)
  region size 1024K, 1 young (1024K), 1 survivors (1024K)
 Metaspace       used 35498K, committed 35968K, reserved 1081344K
  class space    used 4941K, committed 5184K, reserved 1048576K
}

