<?xml version="1.0" encoding="UTF-8"?>
<testsuite xmlns:xsi="http://www.w3.org/2001/XMLSchema-instance" xsi:noNamespaceSchemaLocation="https://maven.apache.org/surefire/maven-surefire-plugin/xsd/surefire-test-report-3.0.xsd" version="3.0" name="dev.dilandds.movies.MoviesApplicationTests" time="12.404" tests="1" errors="0" skipped="0" failures="0">
  <properties>
[...]
</properties>
  <testcase name="contextLoads" classname="dev.dilandds.movies.MoviesApplicationTests" time="3.269">
    <system-out><![CDATA[12:10:48.404 [main] INFO org.springframework.test.context.support.AnnotationConfigContextLoaderUtils -- Could not detect default configuration classes for test class [dev.dilandds.movies.MoviesApplicationTests]: MoviesApplicationTests does not declare any static, non-private, non-final, nested classes annotated with @Configuration.
12:10:48.734 [main] INFO org.springframework.boot.test.context.SpringBootTestContextBootstrapper -- Found @SpringBootConfiguration dev.dilandds.movies.MoviesApplication for test class dev.dilandds.movies.MoviesApplicationTests

  .   ____          _            __ _ _
 /\\ / ___'_ __ _ _(_)_ __  __ _ \ \ \ \
( ( )\___ | '_ | '_| | '_ \/ _` | \ \ \ \
 \\/  ___)| |_)| | | | | || (_| |  ) ) ) )
  '  |____| .__|_| |_|_| |_\__, | / / / /
 =========|_|==============|___/=/_/_/_/
 :: Spring Boot ::                (v3.1.0)

2023-10-15T12:10:50.263+06:00  INFO 24088 --- [           main] d.d.movies.MoviesApplicationTests        : Starting MoviesApplicationTests using Java 17.0.6 with PID 24088 (started by nm in D:\Movie app host\movies_spring_boot_api_endpoint)
2023-10-15T12:10:50.268+06:00  INFO 24088 --- [           main] d.d.movies.MoviesApplicationTests        : No active profile set, falling back to 1 default profile: "default"
2023-10-15T12:10:51.980+06:00  INFO 24088 --- [           main] .s.d.r.c.RepositoryConfigurationDelegate : Bootstrapping Spring Data MongoDB repositories in DEFAULT mode.
2023-10-15T12:10:52.096+06:00  INFO 24088 --- [           main] .s.d.r.c.RepositoryConfigurationDelegate : Finished Spring Data repository scanning in 106 ms. Found 2 MongoDB repository interfaces.
2023-10-15T12:10:53.478+06:00  INFO 24088 --- [d0x.mongodb.net] org.mongodb.driver.cluster               : Adding discovered server ac-os54mto-shard-00-00.vqoed0x.mongodb.net:27017 to client view of cluster
2023-10-15T12:10:53.519+06:00  INFO 24088 --- [           main] org.mongodb.driver.client                : MongoClient with metadata {"driver": {"name": "mongo-java-driver|sync|spring-boot", "version": "4.9.1"}, "os": {"type": "Windows", "name": "Windows 10", "architecture": "amd64", "version": "10.0"}, "platform": "Java/Eclipse Adoptium/17.0.6+10"} created with settings MongoClientSettings{readPreference=primary, writeConcern=WriteConcern{w=null, wTimeout=null ms, journal=null}, retryWrites=true, retryReads=true, readConcern=ReadConcern{level=null}, credential=MongoCredential{mechanism=null, userName='dilandds97', source='admin', password=<hidden>, mechanismProperties=<hidden>}, streamFactoryFactory=null, commandListeners=[], codecRegistry=ProvidersCodecRegistry{codecProviders=[ValueCodecProvider{}, BsonValueCodecProvider{}, DBRefCodecProvider{}, DBObjectCodecProvider{}, DocumentCodecProvider{}, CollectionCodecProvider{}, IterableCodecProvider{}, MapCodecProvider{}, GeoJsonCodecProvider{}, GridFSFileCodecProvider{}, Jsr310CodecProvider{}, JsonObjectCodecProvider{}, BsonCodecProvider{}, EnumCodecProvider{}, com.mongodb.client.model.mql.ExpressionCodecProvider@2db2a05f, com.mongodb.Jep395RecordCodecProvider@695c938d]}, loggerSettings=LoggerSettings{maxDocumentLength=1000}, clusterSettings={hosts=[127.0.0.1:27017], srvHost=cluster0.vqoed0x.mongodb.net, srvServiceName=mongodb, mode=MULTIPLE, requiredClusterType=REPLICA_SET, requiredReplicaSetName='atlas-eyu4n1-shard-0', serverSelector='null', clusterListeners='[]', serverSelectionTimeout='30000 ms', localThreshold='30000 ms'}, socketSettings=SocketSettings{connectTimeoutMS=10000, readTimeoutMS=0, receiveBufferSize=0, sendBufferSize=0}, heartbeatSocketSettings=SocketSettings{connectTimeoutMS=10000, readTimeoutMS=10000, receiveBufferSize=0, sendBufferSize=0}, connectionPoolSettings=ConnectionPoolSettings{maxSize=100, minSize=0, maxWaitTimeMS=120000, maxConnectionLifeTimeMS=0, maxConnectionIdleTimeMS=0, maintenanceInitialDelayMS=0, maintenanceFrequencyMS=60000, connectionPoolListeners=[], maxConnecting=2}, serverSettings=ServerSettings{heartbeatFrequencyMS=10000, minHeartbeatFrequencyMS=500, serverListeners='[]', serverMonitorListeners='[]'}, sslSettings=SslSettings{enabled=true, invalidHostNameAllowed=false, context=null}, applicationName='null', compressorList=[], uuidRepresentation=JAVA_LEGACY, serverApi=null, autoEncryptionSettings=null, contextProvider=null}
2023-10-15T12:10:53.608+06:00  INFO 24088 --- [d0x.mongodb.net] org.mongodb.driver.cluster               : Adding discovered server ac-os54mto-shard-00-02.vqoed0x.mongodb.net:27017 to client view of cluster
2023-10-15T12:10:53.610+06:00  INFO 24088 --- [d0x.mongodb.net] org.mongodb.driver.cluster               : Adding discovered server ac-os54mto-shard-00-01.vqoed0x.mongodb.net:27017 to client view of cluster
2023-10-15T12:10:56.710+06:00  INFO 24088 --- [ngodb.net:27017] org.mongodb.driver.cluster               : Monitor thread successfully connected to server with description ServerDescription{address=ac-os54mto-shard-00-01.vqoed0x.mongodb.net:27017, type=REPLICA_SET_SECONDARY, state=CONNECTED, ok=true, minWireVersion=0, maxWireVersion=17, maxDocumentSize=16777216, logicalSessionTimeoutMinutes=30, roundTripTimeNanos=1145949100, setName='atlas-eyu4n1-shard-0', canonicalAddress=ac-os54mto-shard-00-01.vqoed0x.mongodb.net:27017, hosts=[ac-os54mto-shard-00-02.vqoed0x.mongodb.net:27017, ac-os54mto-shard-00-01.vqoed0x.mongodb.net:27017, ac-os54mto-shard-00-00.vqoed0x.mongodb.net:27017], passives=[], arbiters=[], primary='ac-os54mto-shard-00-02.vqoed0x.mongodb.net:27017', tagSet=TagSet{[Tag{name='nodeType', value='ELECTABLE'}, Tag{name='provider', value='AWS'}, Tag{name='region', value='US_EAST_1'}, Tag{name='workloadType', value='OPERATIONAL'}]}, electionId=null, setVersion=8, topologyVersion=TopologyVersion{processId=652b1ca342c06bec9c937131, counter=3}, lastWriteDate=Sun Oct 15 12:10:57 ALMT 2023, lastUpdateTimeNanos=291009872440000}
2023-10-15T12:10:56.711+06:00  INFO 24088 --- [ngodb.net:27017] org.mongodb.driver.cluster               : Monitor thread successfully connected to server with description ServerDescription{address=ac-os54mto-shard-00-00.vqoed0x.mongodb.net:27017, type=REPLICA_SET_SECONDARY, state=CONNECTED, ok=true, minWireVersion=0, maxWireVersion=17, maxDocumentSize=16777216, logicalSessionTimeoutMinutes=30, roundTripTimeNanos=1139645700, setName='atlas-eyu4n1-shard-0', canonicalAddress=ac-os54mto-shard-00-00.vqoed0x.mongodb.net:27017, hosts=[ac-os54mto-shard-00-02.vqoed0x.mongodb.net:27017, ac-os54mto-shard-00-01.vqoed0x.mongodb.net:27017, ac-os54mto-shard-00-00.vqoed0x.mongodb.net:27017], passives=[], arbiters=[], primary='ac-os54mto-shard-00-02.vqoed0x.mongodb.net:27017', tagSet=TagSet{[Tag{name='nodeType', value='ELECTABLE'}, Tag{name='provider', value='AWS'}, Tag{name='region', value='US_EAST_1'}, Tag{name='workloadType', value='OPERATIONAL'}]}, electionId=null, setVersion=8, topologyVersion=TopologyVersion{processId=652b1a7df88b564e43413cce, counter=4}, lastWriteDate=Sun Oct 15 12:10:57 ALMT 2023, lastUpdateTimeNanos=291009872228200}
2023-10-15T12:10:56.731+06:00  INFO 24088 --- [ngodb.net:27017] org.mongodb.driver.cluster               : Monitor thread successfully connected to server with description ServerDescription{address=ac-os54mto-shard-00-02.vqoed0x.mongodb.net:27017, type=REPLICA_SET_PRIMARY, state=CONNECTED, ok=true, minWireVersion=0, maxWireVersion=17, maxDocumentSize=16777216, logicalSessionTimeoutMinutes=30, roundTripTimeNanos=1152725300, setName='atlas-eyu4n1-shard-0', canonicalAddress=ac-os54mto-shard-00-02.vqoed0x.mongodb.net:27017, hosts=[ac-os54mto-shard-00-02.vqoed0x.mongodb.net:27017, ac-os54mto-shard-00-01.vqoed0x.mongodb.net:27017, ac-os54mto-shard-00-00.vqoed0x.mongodb.net:27017], passives=[], arbiters=[], primary='ac-os54mto-shard-00-02.vqoed0x.mongodb.net:27017', tagSet=TagSet{[Tag{name='nodeType', value='ELECTABLE'}, Tag{name='provider', value='AWS'}, Tag{name='region', value='US_EAST_1'}, Tag{name='workloadType', value='OPERATIONAL'}]}, electionId=7fffffff00000000000000c3, setVersion=8, topologyVersion=TopologyVersion{processId=652b1b8ff5d217bd3b0c6ee8, counter=6}, lastWriteDate=Sun Oct 15 12:10:57 ALMT 2023, lastUpdateTimeNanos=291009908317200}
2023-10-15T12:10:56.733+06:00  INFO 24088 --- [ngodb.net:27017] org.mongodb.driver.cluster               : Discovered replica set primary ac-os54mto-shard-00-02.vqoed0x.mongodb.net:27017 with max election id 7fffffff00000000000000c3 and max set version 8
2023-10-15T12:10:57.053+06:00  INFO 24088 --- [           main] d.d.movies.MoviesApplicationTests        : Started MoviesApplicationTests in 7.882 seconds (process running for 10.754)
]]></system-out>
  </testcase>
</testsuite>